
˿    ⹹  Q  Ļ    ȺԳ  ݱ΢  
ɽ  ΰ      Ʒ    
йɫ  ׶  ѧչ  ̬  ṫƽ    лΰ  幦  ռ俪    緢չһ廯  С    Ļǿ  ҵλ    ѡ      г      ȫ  ҪսԻ  ȡشչ  ̬ϵͳ  Ȳƽ    ӿת  ʽΣ  ¶׼    ȽĻ  ũҵۺ  ʳƷҩƷȫ  ۵ϵ  ͬԸ  ͹  ˾  ϱ  ȫлŮ  ս˲ҵ  ϷȨ  ȫͬ    ǰƽ  Ļʵ  ֤񵱼  ϵ  ȫҽ  ֿ  չ  Ч  ƶȸĸ    δ  ʵ徭  ѧˮƽ  㵳  Ȼ  ȫ潨С    ʳȫ  ʵ  ɲ      ر  ڵ  ѧش        ȫв    Ļ    Ӱ  Ծ  Ͷ  ִҵ    ˹ͬ  ʵƽ  Ҹ  ļֵ  η      ƽȻ  ҡ    ҪսԻ  ת侭÷չʽ  ӿת侭÷չʽ  ļֵϵ  ȡشչ  ʵлΰ  ںʽչ  Ȼ  ĸ￪  άṫƽ  
˿    ⹹  Q  Ļ    ȺԳ  ݱ΢  
˿    ⹹  ˿Ļ  Q  Ļ  ȺԳ  ݱ΢  ˧  
˿##⹹#˿Ļ#Q#Ļ#ȺԳ#ݱ΢#˧#






#ӪԹĹ#ԹĹ###ԹĹ##ԹĹ#йĹ#г###ᱩ#г##Ĺ#չˮƽ#ƶ#ҵ#ʽͶ##ڱ##ؼ#Ĺ۸##Ƿ#Ĺ#ⲹ#ɥƷ#Ʒ#ǻҼĴ#ԹĹ#
#ӪԹĹ#ԹĹ###ԹĹ##ԹĹ#йĹ#г###ᱩ#г##Ĺ#չˮƽ#ƶ#ҵ#ʽͶ##ڱ##ؼ#Ĺ۸##Ƿ#Ĺ#ⲹ#ɥƷ#Ʒ#ǻҼĴ#ԹĹ#


˿##⹹#˿Ļ#Q#Ļ#ȺԳ#ݱ΢#
#ӪԹĹ#ԹĹ###ԹĹ##ԹĹ#йĹ#г###ᱩ#г##Ĺ#չˮƽ#ƶ#ҵ#ʽͶ##ڱ##ؼ#Ĺ۸##Ƿ#Ĺ#ⲹ#ɥƷ#Ʒ#ǻҼĴ#ԹĹ#
˿##⹹#˿Ļ#Q#Ļ#ȺԳ#ݱ΢#
#ӪԹĹ#ԹĹ###ԹĹ##ԹĹ#йĹ#г###ᱩ#г##Ĺ#չˮƽ#ƶ#ҵ#ʽͶ##ڱ##ؼ#Ĺ۸##Ƿ#Ĺ#ⲹ#ɥƷ#Ʒ#ǻҼĴ#ԹĹ#
˿##⹹#˿Ļ#Q#Ļ#ȺԳ#ݱ΢#
#ӪԹĹ#ԹĹ###ԹĹ##ԹĹ#йĹ#г###ᱩ#г##Ĺ#չˮƽ#ƶ#ҵ#ʽͶ##ڱ##ؼ#Ĺ۸##Ƿ#Ĺ#ⲹ#ɥƷ#Ʒ#ǻҼĴ#ԹĹ#
#ӪԹĹ#ԹĹ###ԹĹ##ԹĹ#йĹ#г###ᱩ#г##Ĺ#չˮƽ#ƶ#ҵ#ʽͶ##ڱ##ؼ#Ĺ۸##Ƿ#Ĺ#ⲹ#ɥƷ#Ʒ#ǻҼĴ#ԹĹ#
#ӪԹĹ#ԹĹ###ԹĹ##ԹĹ#йĹ#г###ᱩ#г##Ĺ#չˮƽ#ƶ#ҵ#ʽͶ##ڱ##ؼ#Ĺ۸##Ƿ#Ĺ#ⲹ#ɥƷ#Ʒ#ǻҼĴ#ԹĹ#
#ӪԹĹ#ԹĹ###ԹĹ##ԹĹ#йĹ#г###ᱩ#г##Ĺ#չˮƽ#ƶ#ҵ#ʽͶ##ڱ##ؼ#Ĺ۸##Ƿ#Ĺ#ⲹ#ɥƷ#Ʒ#ǻҼĴ#ԹĹ#
˿##⹹#˿Ļ#Q#Ļ#ȺԳ#ݱ΢#
˿##⹹#˿Ļ#Q#Ļ#ȺԳ#ݱ΢#
ҵ#֬#ζ#֬#ҵ#ζ#һ#ʯҵ##Ч#ù#
˿#
˿#







˿#
war_crimes#rights_groups#Islamist_leaders#Pakistani_army#death_penalty#
#޷##Ա#޷##޷ּ#ּ#####ٶ#·#Ч#湤###Ż޷ּ#
#ض#д#б#ǰ#Զʶ#ʵȡ#ʵ÷#
ϵ
Ա##ٴ#ߵȷԺ##Ա#˾#


Ҫս#
富山雅史/n_new/28.45#白王血裔/n_new/19.83#秘仪咒文/n_new/19.19#风纪委员会主席/n_new/15.30#龙族/n_new/14.48#龙类/n_new/13.79#龙族血裔/n_new/13.78#龙族血统/n_new/13.19#执行部/n_new/12.74#白王/n_new/12.68#炼金/n_new/11.75#
富山雅史/n_new/28.45#白王血裔/n_new/19.83#秘仪咒文/n_new/19.19#风纪委员会主席/n_new/15.30#龙族/n_new/14.48#龙类/n_new/13.79#龙族血裔/n_new/13.78#龙族血统/n_new/13.19#执行部/n_new/12.74#白王/n_new/12.68#炼金/n_new/11.75#
富山雅史/n_new/28.45#白王血裔/n_new/19.83#秘仪咒文/n_new/19.19#风纪委员会主席/n_new/15.30#龙族/n_new/14.48#龙类/n_new/13.79#龙族血裔/n_new/13.78#龙族血统/n_new/13.19#执行部/n_new/12.74#白王/n_new/12.68#炼金/n_new/11.75#
富山雅史/n_new/28.45#白王血裔/n_new/19.83#秘仪咒文/n_new/19.19#风纪委员会主席/n_new/15.30#龙族/n_new/14.48#龙类/n_new/13.79#龙族血裔/n_new/13.78#龙族血统/n_new/13.19#执行部/n_new/12.74#白王/n_new/12.68#炼金/n_new/11.75#
富山雅史/n_new/28.45#白王血裔/n_new/19.83#秘仪咒文/n_new/19.19#风纪委员会主席/n_new/15.30#龙族/n_new/14.48#龙类/n_new/13.79#龙族血裔/n_new/13.78#龙族血统/n_new/13.19#执行部/n_new/12.74#白王/n_new/12.68#炼金/n_new/11.75#
富山雅史/n_new/28.45#白王血裔/n_new/19.83#秘仪咒文/n_new/19.19#风纪委员会主席/n_new/15.30#龙族/n_new/14.48#龙类/n_new/13.79#龙族血裔/n_new/13.78#龙族血统/n_new/13.19#执行部/n_new/12.74#白王/n_new/12.68#炼金/n_new/11.75#
富山雅史/n_new/28.45#白王血裔/n_new/19.83#秘仪咒文/n_new/19.19#风纪委员会主席/n_new/15.30#龙族/n_new/14.48#龙类/n_new/13.79#龙族血裔/n_new/13.78#龙族血统/n_new/13.19#执行部/n_new/12.74#白王/n_new/12.68#炼金/n_new/11.75#
富山雅史/n_new/28.45#白王血裔/n_new/19.83#秘仪咒文/n_new/19.19#风纪委员会主席/n_new/15.30#龙族/n_new/14.48#龙类/n_new/13.79#龙族血裔/n_new/13.78#龙族血统/n_new/13.19#执行部/n_new/12.74#白王/n_new/12.68#炼金/n_new/11.75#
富山雅史/n_new/28.45#白王血裔/n_new/19.83#秘仪咒文/n_new/19.19#风纪委员会主席/n_new/15.30#龙族/n_new/14.48#龙类/n_new/13.79#龙族血裔/n_new/13.78#龙族血统/n_new/13.19#执行部/n_new/12.74#白王/n_new/12.68#炼金/n_new/11.75#
富山雅史/n_new/28.45#白王血裔/n_new/19.83#秘仪咒文/n_new/19.19#风纪委员会主席/n_new/15.30#龙族/n_new/14.48#龙类/n_new/13.79#龙族血裔/n_new/13.78#龙族血统/n_new/13.19#执行部/n_new/12.74#白王/n_new/12.68#炼金/n_new/11.75#
富山雅史/n_new/28.45#白王血裔/n_new/19.83#秘仪咒文/n_new/19.19#风纪委员会主席/n_new/15.30#龙族/n_new/14.48#龙类/n_new/13.79#龙族血裔/n_new/13.78#龙族血统/n_new/13.19#执行部/n_new/12.74#白王/n_new/12.68#炼金/n_new/11.75#
富山雅史/n_new/28.45#白王血裔/n_new/19.83#秘仪咒文/n_new/19.19#风纪委员会主席/n_new/15.30#龙族/n_new/14.48#龙类/n_new/13.79#龙族血裔/n_new/13.78#龙族血统/n_new/13.19#执行部/n_new/12.74#白王/n_new/12.68#炼金/n_new/11.75#
富山雅史/n_new/28.45#白王血裔/n_new/19.83#秘仪咒文/n_new/19.19#风纪委员会主席/n_new/15.30#龙族/n_new/14.48#龙类/n_new/13.79#龙族血裔/n_new/13.78#龙族血统/n_new/13.19#执行部/n_new/12.74#白王/n_new/12.68#炼金/n_new/11.75#
富山雅史/n_new/28.45#白王血裔/n_new/19.83#秘仪咒文/n_new/19.19#风纪委员会主席/n_new/15.30#龙族/n_new/14.48#龙类/n_new/13.79#龙族血裔/n_new/13.78#龙族血统/n_new/13.19#执行部/n_new/12.74#白王/n_new/12.68#炼金/n_new/11.75#
富山雅史/n_new/28.45#白王血裔/n_new/19.83#秘仪咒文/n_new/19.19#风纪委员会主席/n_new/15.30#龙族/n_new/14.48#龙类/n_new/13.79#龙族血裔/n_new/13.78#龙族血统/n_new/13.19#执行部/n_new/12.74#白王/n_new/12.68#炼金/n_new/11.75#
富山雅史/n_new/28.45#白王血裔/n_new/19.83#秘仪咒文/n_new/19.19#风纪委员会主席/n_new/15.30#龙族/n_new/14.48#龙类/n_new/13.79#龙族血裔/n_new/13.78#龙族血统/n_new/13.19#执行部/n_new/12.74#白王/n_new/12.68#炼金/n_new/11.75#
富山雅史/n_new/28.45#白王血裔/n_new/19.83#秘仪咒文/n_new/19.19#风纪委员会主席/n_new/15.30#龙族/n_new/14.48#龙类/n_new/13.79#龙族血裔/n_new/13.78#龙族血统/n_new/13.19#执行部/n_new/12.74#白王/n_new/12.68#炼金/n_new/11.75#
富山雅史/n_new/28.45#白王血裔/n_new/19.83#秘仪咒文/n_new/19.19#风纪委员会主席/n_new/15.30#龙族/n_new/14.48#龙类/n_new/13.79#龙族血裔/n_new/13.78#龙族血统/n_new/13.19#执行部/n_new/12.74#白王/n_new/12.68#炼金/n_new/11.75#
富山雅史/n_new/28.45#白王血裔/n_new/19.83#秘仪咒文/n_new/19.19#风纪委员会主席/n_new/15.30#龙族/n_new/14.48#龙类/n_new/13.79#龙族血裔/n_new/13.78#龙族血统/n_new/13.19#执行部/n_new/12.74#白王/n_new/12.68#炼金/n_new/11.75#
富山雅史/n_new/28.45#白王血裔/n_new/19.83#秘仪咒文/n_new/19.19#风纪委员会主席/n_new/15.30#龙族/n_new/14.48#龙类/n_new/13.79#龙族血裔/n_new/13.78#龙族血统/n_new/13.19#执行部/n_new/12.74#白王/n_new/12.68#炼金/n_new/11.75#
富山雅史/n_new/28.45#白王血裔/n_new/19.83#秘仪咒文/n_new/19.19#风纪委员会主席/n_new/15.30#龙族/n_new/14.48#龙类/n_new/13.79#龙族血裔/n_new/13.78#龙族血统/n_new/13.19#执行部/n_new/12.74#白王/n_new/12.68#炼金/n_new/11.75#
富山雅史/n_new/28.45#白王血裔/n_new/19.83#秘仪咒文/n_new/19.19#风纪委员会主席/n_new/15.30#龙族/n_new/14.48#龙类/n_new/13.79#龙族血裔/n_new/13.78#龙族血统/n_new/13.19#执行部/n_new/12.74#白王/n_new/12.68#炼金/n_new/11.75#
富山雅史/n_new/28.45#白王血裔/n_new/19.83#秘仪咒文/n_new/19.19#风纪委员会主席/n_new/15.30#龙族/n_new/14.48#龙类/n_new/13.79#龙族血裔/n_new/13.78#龙族血统/n_new/13.19#执行部/n_new/12.74#白王/n_new/12.68#炼金/n_new/11.75#
富山雅史/n_new/28.45#白王血裔/n_new/19.83#秘仪咒文/n_new/19.19#风纪委员会主席/n_new/15.30#龙族/n_new/14.48#龙类/n_new/13.79#龙族血裔/n_new/13.78#龙族血统/n_new/13.19#执行部/n_new/12.74#白王/n_new/12.68#炼金/n_new/11.75#
富山雅史/n_new/28.45#白王血裔/n_new/19.83#秘仪咒文/n_new/19.19#风纪委员会主席/n_new/15.30#龙族/n_new/14.48#龙类/n_new/13.79#龙族血裔/n_new/13.78#龙族血统/n_new/13.19#执行部/n_new/12.74#白王/n_new/12.68#炼金/n_new/11.75#
富山雅史/n_new/28.45#白王血裔/n_new/19.83#秘仪咒文/n_new/19.19#风纪委员会主席/n_new/15.30#龙族/n_new/14.48#龙类/n_new/13.79#龙族血裔/n_new/13.78#龙族血统/n_new/13.19#执行部/n_new/12.74#白王/n_new/12.68#炼金/n_new/11.75#
富山雅史/n_new/28.45#白王血裔/n_new/19.83#秘仪咒文/n_new/19.19#风纪委员会主席/n_new/15.30#龙族/n_new/14.48#龙类/n_new/13.79#龙族血裔/n_new/13.78#龙族血统/n_new/13.19#执行部/n_new/12.74#白王/n_new/12.68#炼金/n_new/11.75#
富山雅史/n_new/28.45#白王血裔/n_new/19.83#秘仪咒文/n_new/19.19#风纪委员会主席/n_new/15.30#龙族/n_new/14.48#龙类/n_new/13.79#龙族血裔/n_new/13.78#龙族血统/n_new/13.19#执行部/n_new/12.74#白王/n_new/12.68#炼金/n_new/11.75#
富山雅史/n_new/28.45#白王血裔/n_new/19.83#秘仪咒文/n_new/19.19#风纪委员会主席/n_new/15.30#龙族/n_new/14.48#龙类/n_new/13.79#龙族血裔/n_new/13.78#龙族血统/n_new/13.19#执行部/n_new/12.74#白王/n_new/12.68#炼金/n_new/11.75#
富山雅史/n_new/28.45#白王血裔/n_new/19.83#秘仪咒文/n_new/19.19#风纪委员会主席/n_new/15.30#龙族/n_new/14.48#龙类/n_new/13.79#龙族血裔/n_new/13.78#龙族血统/n_new/13.19#执行部/n_new/12.74#白王/n_new/12.68#炼金/n_new/11.75#
富山雅史/n_new/28.45#白王血裔/n_new/19.83#秘仪咒文/n_new/19.19#风纪委员会主席/n_new/15.30#龙族/n_new/14.48#龙类/n_new/13.79#龙族血裔/n_new/13.78#龙族血统/n_new/13.19#执行部/n_new/12.74#白王/n_new/12.68#炼金/n_new/11.75#
富山雅史/n_new/28.45#白王血裔/n_new/19.83#秘仪咒文/n_new/19.19#风纪委员会主席/n_new/15.30#龙族/n_new/14.48#龙类/n_new/13.79#龙族血裔/n_new/13.78#龙族血统/n_new/13.19#执行部/n_new/12.74#白王/n_new/12.68#炼金/n_new/11.75#
富山雅史/n_new/28.45#白王血裔/n_new/19.83#秘仪咒文/n_new/19.19#风纪委员会主席/n_new/15.30#龙族/n_new/14.48#龙类/n_new/13.79#龙族血裔/n_new/13.78#龙族血统/n_new/13.19#执行部/n_new/12.74#白王/n_new/12.68#炼金/n_new/11.75#
富山雅史/n_new/28.45#白王血裔/n_new/19.83#秘仪咒文/n_new/19.19#风纪委员会主席/n_new/15.30#龙族/n_new/14.48#龙类/n_new/13.79#龙族血裔/n_new/13.78#龙族血统/n_new/13.19#执行部/n_new/12.74#白王/n_new/12.68#炼金/n_new/11.75#
富山雅史/n_new/28.45#白王血裔/n_new/19.83#秘仪咒文/n_new/19.19#风纪委员会主席/n_new/15.30#龙族/n_new/14.48#龙类/n_new/13.79#龙族血裔/n_new/13.78#龙族血统/n_new/13.19#执行部/n_new/12.74#白王/n_new/12.68#炼金/n_new/11.75#
富山雅史/n_new/28.45#白王血裔/n_new/19.83#秘仪咒文/n_new/19.19#风纪委员会主席/n_new/15.30#龙族/n_new/14.48#龙类/n_new/13.79#龙族血裔/n_new/13.78#龙族血统/n_new/13.19#执行部/n_new/12.74#白王/n_new/12.68#炼金/n_new/11.75#
富山雅史/n_new/28.45#白王血裔/n_new/19.83#秘仪咒文/n_new/19.19#风纪委员会主席/n_new/15.30#龙族/n_new/14.48#龙类/n_new/13.79#龙族血裔/n_new/13.78#龙族血统/n_new/13.19#执行部/n_new/12.74#白王/n_new/12.68#炼金/n_new/11.75#
富山雅史/n_new/28.45#白王血裔/n_new/19.83#秘仪咒文/n_new/19.19#风纪委员会主席/n_new/15.30#龙族/n_new/14.48#龙类/n_new/13.79#龙族血裔/n_new/13.78#龙族血统/n_new/13.19#执行部/n_new/12.74#白王/n_new/12.68#炼金/n_new/11.75#
富山雅史/n_new/28.45#白王血裔/n_new/19.83#秘仪咒文/n_new/19.19#风纪委员会主席/n_new/15.30#龙族/n_new/14.48#龙类/n_new/13.79#龙族血裔/n_new/13.78#龙族血统/n_new/13.19#执行部/n_new/12.74#白王/n_new/12.68#炼金/n_new/11.75#
富山雅史/n_new/28.45#白王血裔/n_new/19.83#秘仪咒文/n_new/19.19#风纪委员会主席/n_new/15.30#龙族/n_new/14.48#龙类/n_new/13.79#龙族血裔/n_new/13.78#龙族血统/n_new/13.19#执行部/n_new/12.74#白王/n_new/12.68#炼金/n_new/11.75#
富山雅史/n_new/28.45#白王血裔/n_new/19.83#秘仪咒文/n_new/19.19#风纪委员会主席/n_new/15.30#龙族/n_new/14.48#龙类/n_new/13.79#龙族血裔/n_new/13.78#龙族血统/n_new/13.19#执行部/n_new/12.74#白王/n_new/12.68#炼金/n_new/11.75#
富山雅史/n_new/28.45#白王血裔/n_new/19.83#秘仪咒文/n_new/19.19#风纪委员会主席/n_new/15.30#龙族/n_new/14.48#龙类/n_new/13.79#龙族血裔/n_new/13.78#龙族血统/n_new/13.19#执行部/n_new/12.74#白王/n_new/12.68#炼金/n_new/11.75#
富山雅史/n_new/28.45#白王血裔/n_new/19.83#秘仪咒文/n_new/19.19#风纪委员会主席/n_new/15.30#龙族/n_new/14.48#龙类/n_new/13.79#龙族血裔/n_new/13.78#龙族血统/n_new/13.19#执行部/n_new/12.74#白王/n_new/12.68#炼金/n_new/11.75#
富山雅史/n_new/28.45#白王血裔/n_new/19.83#秘仪咒文/n_new/19.19#风纪委员会主席/n_new/15.30#龙族/n_new/14.48#龙类/n_new/13.79#龙族血裔/n_new/13.78#龙族血统/n_new/13.19#执行部/n_new/12.74#白王/n_new/12.68#炼金/n_new/11.75#
富山雅史/n_new/28.45#白王血裔/n_new/19.83#秘仪咒文/n_new/19.19#风纪委员会主席/n_new/15.30#龙族/n_new/14.48#龙类/n_new/13.79#龙族血裔/n_new/13.78#龙族血统/n_new/13.19#执行部/n_new/12.74#白王/n_new/12.68#炼金/n_new/11.75#
富山雅史/n_new/28.45#白王血裔/n_new/19.83#秘仪咒文/n_new/19.19#风纪委员会主席/n_new/15.30#龙族/n_new/14.48#龙类/n_new/13.79#龙族血裔/n_new/13.78#龙族血统/n_new/13.19#执行部/n_new/12.74#白王/n_new/12.68#炼金/n_new/11.75#
富山雅史/n_new/28.45#白王血裔/n_new/19.83#秘仪咒文/n_new/19.19#风纪委员会主席/n_new/15.30#龙族/n_new/14.48#龙类/n_new/13.79#龙族血裔/n_new/13.78#龙族血统/n_new/13.19#执行部/n_new/12.74#白王/n_new/12.68#炼金/n_new/11.75#
富山雅史/n_new/28.45#白王血裔/n_new/19.83#秘仪咒文/n_new/19.19#风纪委员会主席/n_new/15.30#龙族/n_new/14.48#龙类/n_new/13.79#龙族血裔/n_new/13.78#龙族血统/n_new/13.19#执行部/n_new/12.74#白王/n_new/12.68#炼金/n_new/11.75#
富山雅史/n_new/28.45#白王血裔/n_new/19.83#秘仪咒文/n_new/19.19#风纪委员会主席/n_new/15.30#龙族/n_new/14.48#龙类/n_new/13.79#龙族血裔/n_new/13.78#龙族血统/n_new/13.19#执行部/n_new/12.74#白王/n_new/12.68#炼金/n_new/11.75#
富山雅史/n_new/28.45#白王血裔/n_new/19.83#秘仪咒文/n_new/19.19#风纪委员会主席/n_new/15.30#龙族/n_new/14.48#龙类/n_new/13.79#龙族血裔/n_new/13.78#龙族血统/n_new/13.19#执行部/n_new/12.74#白王/n_new/12.68#炼金/n_new/11.75#
富山雅史/n_new/28.45#白王血裔/n_new/19.83#秘仪咒文/n_new/19.19#风纪委员会主席/n_new/15.30#龙族/n_new/14.48#龙类/n_new/13.79#龙族血裔/n_new/13.78#龙族血统/n_new/13.19#执行部/n_new/12.74#白王/n_new/12.68#炼金/n_new/11.75#
富山雅史/n_new/28.45#白王血裔/n_new/19.83#秘仪咒文/n_new/19.19#风纪委员会主席/n_new/15.30#龙族/n_new/14.48#龙类/n_new/13.79#龙族血裔/n_new/13.78#龙族血统/n_new/13.19#执行部/n_new/12.74#白王/n_new/12.68#炼金/n_new/11.75#
富山雅史/n_new/28.45#白王血裔/n_new/19.83#秘仪咒文/n_new/19.19#风纪委员会主席/n_new/15.30#龙族/n_new/14.48#龙类/n_new/13.79#龙族血裔/n_new/13.78#龙族血统/n_new/13.19#执行部/n_new/12.74#白王/n_new/12.68#炼金/n_new/11.75#
富山雅史/n_new/28.45#白王血裔/n_new/19.83#秘仪咒文/n_new/19.19#风纪委员会主席/n_new/15.30#龙族/n_new/14.48#龙类/n_new/13.79#龙族血裔/n_new/13.78#龙族血统/n_new/13.19#执行部/n_new/12.74#白王/n_new/12.68#炼金/n_new/11.75#
富山雅史/n_new/28.45#白王血裔/n_new/19.83#秘仪咒文/n_new/19.19#风纪委员会主席/n_new/15.30#龙族/n_new/14.48#龙类/n_new/13.79#龙族血裔/n_new/13.78#龙族血统/n_new/13.19#执行部/n_new/12.74#白王/n_new/12.68#炼金/n_new/11.75#
富山雅史/n_new/28.45#白王血裔/n_new/19.83#秘仪咒文/n_new/19.19#风纪委员会主席/n_new/15.30#龙族/n_new/14.48#龙类/n_new/13.79#龙族血裔/n_new/13.78#龙族血统/n_new/13.19#执行部/n_new/12.74#白王/n_new/12.68#炼金/n_new/11.75#
富山雅史/n_new/28.45#白王血裔/n_new/19.83#秘仪咒文/n_new/19.19#风纪委员会主席/n_new/15.30#龙族/n_new/14.48#龙类/n_new/13.79#龙族血裔/n_new/13.78#龙族血统/n_new/13.19#执行部/n_new/12.74#白王/n_new/12.68#炼金/n_new/11.75#
富山雅史/n_new/28.45#白王血裔/n_new/19.83#秘仪咒文/n_new/19.19#风纪委员会主席/n_new/15.30#龙族/n_new/14.48#龙类/n_new/13.79#龙族血裔/n_new/13.78#龙族血统/n_new/13.19#执行部/n_new/12.74#白王/n_new/12.68#炼金/n_new/11.75#
富山雅史/n_new/28.45#白王血裔/n_new/19.83#秘仪咒文/n_new/19.19#风纪委员会主席/n_new/15.30#龙族/n_new/14.48#龙类/n_new/13.79#龙族血裔/n_new/13.78#龙族血统/n_new/13.19#执行部/n_new/12.74#白王/n_new/12.68#炼金/n_new/11.75#
富山雅史/n_new/28.45#白王血裔/n_new/19.83#秘仪咒文/n_new/19.19#风纪委员会主席/n_new/15.30#龙族/n_new/14.48#龙类/n_new/13.79#龙族血裔/n_new/13.78#龙族血统/n_new/13.19#执行部/n_new/12.74#白王/n_new/12.68#炼金/n_new/11.75#
富山雅史/n_new/28.45#白王血裔/n_new/19.83#秘仪咒文/n_new/19.19#风纪委员会主席/n_new/15.30#龙族/n_new/14.48#龙类/n_new/13.79#龙族血裔/n_new/13.78#龙族血统/n_new/13.19#执行部/n_new/12.74#白王/n_new/12.68#炼金/n_new/11.75#
富山雅史/n_new/28.45#白王血裔/n_new/19.83#秘仪咒文/n_new/19.19#风纪委员会主席/n_new/15.30#龙族/n_new/14.48#龙类/n_new/13.79#龙族血裔/n_new/13.78#龙族血统/n_new/13.19#执行部/n_new/12.74#白王/n_new/12.68#炼金/n_new/11.75#
富山雅史/n_new/28.45#白王血裔/n_new/19.83#秘仪咒文/n_new/19.19#风纪委员会主席/n_new/15.30#龙族/n_new/14.48#龙类/n_new/13.79#龙族血裔/n_new/13.78#龙族血统/n_new/13.19#执行部/n_new/12.74#白王/n_new/12.68#炼金/n_new/11.75#
富山雅史/n_new/28.45#白王血裔/n_new/19.83#秘仪咒文/n_new/19.19#风纪委员会主席/n_new/15.30#龙族/n_new/14.48#龙类/n_new/13.79#龙族血裔/n_new/13.78#龙族血统/n_new/13.19#执行部/n_new/12.74#白王/n_new/12.68#炼金/n_new/11.75#
富山雅史/n_new/28.45#白王血裔/n_new/19.83#秘仪咒文/n_new/19.19#风纪委员会主席/n_new/15.30#龙族/n_new/14.48#龙类/n_new/13.79#龙族血裔/n_new/13.78#龙族血统/n_new/13.19#执行部/n_new/12.74#白王/n_new/12.68#炼金/n_new/11.75#
富山雅史/n_new/28.45#白王血裔/n_new/19.83#秘仪咒文/n_new/19.19#风纪委员会主席/n_new/15.30#龙族/n_new/14.48#龙类/n_new/13.79#龙族血裔/n_new/13.78#龙族血统/n_new/13.19#执行部/n_new/12.74#白王/n_new/12.68#炼金/n_new/11.75#
富山雅史/n_new/28.45#白王血裔/n_new/19.83#秘仪咒文/n_new/19.19#风纪委员会主席/n_new/15.30#龙族/n_new/14.48#龙类/n_new/13.79#龙族血裔/n_new/13.78#龙族血统/n_new/13.19#执行部/n_new/12.74#白王/n_new/12.68#炼金/n_new/11.75#
富山雅史/n_new/28.45#白王血裔/n_new/19.83#秘仪咒文/n_new/19.19#风纪委员会主席/n_new/15.30#龙族/n_new/14.48#龙类/n_new/13.79#龙族血裔/n_new/13.78#龙族血统/n_new/13.19#执行部/n_new/12.74#白王/n_new/12.68#炼金/n_new/11.75#
富山雅史/n_new/28.45#白王血裔/n_new/19.83#秘仪咒文/n_new/19.19#风纪委员会主席/n_new/15.30#龙族/n_new/14.48#龙类/n_new/13.79#龙族血裔/n_new/13.78#龙族血统/n_new/13.19#执行部/n_new/12.74#白王/n_new/12.68#炼金/n_new/11.75#
富山雅史/n_new/28.45#白王血裔/n_new/19.83#秘仪咒文/n_new/19.19#风纪委员会主席/n_new/15.30#龙族/n_new/14.48#龙类/n_new/13.79#龙族血裔/n_new/13.78#龙族血统/n_new/13.19#执行部/n_new/12.74#白王/n_new/12.68#炼金/n_new/11.75#
富山雅史/n_new/28.45#白王血裔/n_new/19.83#秘仪咒文/n_new/19.19#风纪委员会主席/n_new/15.30#龙族/n_new/14.48#龙类/n_new/13.79#龙族血裔/n_new/13.78#龙族血统/n_new/13.19#执行部/n_new/12.74#白王/n_new/12.68#炼金/n_new/11.75#
富山雅史/n_new/28.45#白王血裔/n_new/19.83#秘仪咒文/n_new/19.19#风纪委员会主席/n_new/15.30#龙族/n_new/14.48#龙类/n_new/13.79#龙族血裔/n_new/13.78#龙族血统/n_new/13.19#执行部/n_new/12.74#白王/n_new/12.68#炼金/n_new/11.75#
富山雅史/n_new/28.45#白王血裔/n_new/19.83#秘仪咒文/n_new/19.19#风纪委员会主席/n_new/15.30#龙族/n_new/14.48#龙类/n_new/13.79#龙族血裔/n_new/13.78#龙族血统/n_new/13.19#执行部/n_new/12.74#白王/n_new/12.68#炼金/n_new/11.75#
富山雅史/n_new/28.45#白王血裔/n_new/19.83#秘仪咒文/n_new/19.19#风纪委员会主席/n_new/15.30#龙族/n_new/14.48#龙类/n_new/13.79#龙族血裔/n_new/13.78#龙族血统/n_new/13.19#执行部/n_new/12.74#白王/n_new/12.68#炼金/n_new/11.75#
富山雅史/n_new/28.45#白王血裔/n_new/19.83#秘仪咒文/n_new/19.19#风纪委员会主席/n_new/15.30#龙族/n_new/14.48#龙类/n_new/13.79#龙族血裔/n_new/13.78#龙族血统/n_new/13.19#执行部/n_new/12.74#白王/n_new/12.68#炼金/n_new/11.75#
富山雅史/n_new/28.45#白王血裔/n_new/19.83#秘仪咒文/n_new/19.19#风纪委员会主席/n_new/15.30#龙族/n_new/14.48#龙类/n_new/13.79#龙族血裔/n_new/13.78#龙族血统/n_new/13.19#执行部/n_new/12.74#白王/n_new/12.68#炼金/n_new/11.75#咒文/n_new/11.19#龙族亲王/n_new/10.59#3E考试/n_new/10.51#风纪委员会/n_new/9.68#安全系统/n_new/9.46#狙击步枪/n_new/9.39#潜水服/n_new/8.88#青铜城/n_new/8.81#青铜墙壁/n_new/8.73#叔叔婶婶/n_new/8.58#
富山雅史/n_new/28.45#白王血裔/n_new/19.83#秘仪咒文/n_new/19.19#风纪委员会主席/n_new/15.30#龙族/n_new/14.48#龙类/n_new/13.79#龙族血裔/n_new/13.78#龙族血统/n_new/13.19#执行部/n_new/12.74#白王/n_new/12.68#炼金/n_new/11.75#
富山雅史/n_new/28.45#白王血裔/n_new/19.83#秘仪咒文/n_new/19.19#风纪委员会主席/n_new/15.30#龙族/n_new/14.48#龙类/n_new/13.79#龙族血裔/n_new/13.78#龙族血统/n_new/13.19#执行部/n_new/12.74#白王/n_new/12.68#炼金/n_new/11.75#
富山雅史/n_new/28.45#白王血裔/n_new/19.83#秘仪咒文/n_new/19.19#风纪委员会主席/n_new/15.30#龙族/n_new/14.48#龙类/n_new/13.79#龙族血裔/n_new/13.78#龙族血统/n_new/13.19#执行部/n_new/12.74#白王/n_new/12.68#炼金/n_new/11.75#咒文/n_new/11.19#龙族亲王/n_new/10.59#3E考试/n_new/10.51#风纪委员会/n_new/9.68#安全系统/n_new/9.46#狙击步枪/n_new/9.39#潜水服/n_new/8.88#青铜城/n_new/8.81#青铜墙壁/n_new/8.73#叔叔婶婶/n_new/8.58#
富山雅史/n_new/28.45#白王血裔/n_new/19.83#秘仪咒文/n_new/19.19#风纪委员会主席/n_new/15.30#龙族/n_new/14.48#龙类/n_new/13.79#龙族血裔/n_new/13.78#龙族血统/n_new/13.19#执行部/n_new/12.74#白王/n_new/12.68#炼金/n_new/11.75#
富山雅史/n_new/28.45#白王血裔/n_new/19.83#秘仪咒文/n_new/19.19#风纪委员会主席/n_new/15.30#龙族/n_new/14.48#龙类/n_new/13.79#龙族血裔/n_new/13.78#龙族血统/n_new/13.19#执行部/n_new/12.74#白王/n_new/12.68#炼金/n_new/11.75#
富山雅史/n_new/28.45#白王血裔/n_new/19.83#秘仪咒文/n_new/19.19#风纪委员会主席/n_new/15.30#龙族/n_new/14.48#龙类/n_new/13.79#龙族血裔/n_new/13.78#龙族血统/n_new/13.19#执行部/n_new/12.74#白王/n_new/12.68#炼金/n_new/11.75#
富山雅史/n_new/28.45#白王血裔/n_new/19.83#秘仪咒文/n_new/19.19#风纪委员会主席/n_new/15.30#龙族/n_new/14.48#龙类/n_new/13.79#龙族血裔/n_new/13.78#龙族血统/n_new/13.19#执行部/n_new/12.74#白王/n_new/12.68#炼金/n_new/11.75#咒文/n_new/11.19#龙族亲王/n_new/10.59#3E考试/n_new/10.51#风纪委员会/n_new/9.68#安全系统/n_new/9.46#狙击步枪/n_new/9.39#潜水服/n_new/8.88#青铜城/n_new/8.81#青铜墙壁/n_new/8.73#叔叔婶婶/n_new/8.58#
富山雅史/n_new/28.45#白王血裔/n_new/19.83#秘仪咒文/n_new/19.19#风纪委员会主席/n_new/15.30#龙族/n_new/14.48#龙类/n_new/13.79#龙族血裔/n_new/13.78#龙族血统/n_new/13.19#执行部/n_new/12.74#白王/n_new/12.68#炼金/n_new/11.75#咒文/n_new/11.19#龙族亲王/n_new/10.59#3E考试/n_new/10.51#风纪委员会/n_new/9.68#安全系统/n_new/9.46#狙击步枪/n_new/9.39#潜水服/n_new/8.88#青铜城/n_new/8.81#青铜墙壁/n_new/8.73#叔叔婶婶/n_new/8.58#
富山雅史/n_new/28.45#白王血裔/n_new/19.83#秘仪咒文/n_new/19.19#风纪委员会主席/n_new/15.30#龙族/n_new/14.48#龙类/n_new/13.79#龙族血裔/n_new/13.78#龙族血统/n_new/13.19#执行部/n_new/12.74#白王/n_new/12.68#炼金/n_new/11.75#咒文/n_new/11.19#龙族亲王/n_new/10.59#3E考试/n_new/10.51#风纪委员会/n_new/9.68#安全系统/n_new/9.46#狙击步枪/n_new/9.39#潜水服/n_new/8.88#青铜城/n_new/8.81#青铜墙壁/n_new/8.73#叔叔婶婶/n_new/8.58#
富山雅史/n_new/28.45#白王血裔/n_new/19.83#秘仪咒文/n_new/19.19#风纪委员会主席/n_new/15.30#龙族/n_new/14.48#龙类/n_new/13.79#龙族血裔/n_new/13.78#龙族血统/n_new/13.19#执行部/n_new/12.74#白王/n_new/12.68#炼金/n_new/11.75#
富山雅史/n_new/28.45#白王血裔/n_new/19.83#秘仪咒文/n_new/19.19#风纪委员会主席/n_new/15.30#龙族/n_new/14.48#龙类/n_new/13.79#龙族血裔/n_new/13.78#龙族血统/n_new/13.19#执行部/n_new/12.74#白王/n_new/12.68#炼金/n_new/11.75#咒文/n_new/11.19#龙族亲王/n_new/10.59#3E考试/n_new/10.51#风纪委员会/n_new/9.68#安全系统/n_new/9.46#狙击步枪/n_new/9.39#潜水服/n_new/8.88#青铜城/n_new/8.81#青铜墙壁/n_new/8.73#叔叔婶婶/n_new/8.58#
富山雅史/n_new/28.45#白王血裔/n_new/19.83#秘仪咒文/n_new/19.19#风纪委员会主席/n_new/15.30#龙族/n_new/14.48#龙类/n_new/13.79#龙族血裔/n_new/13.78#龙族血统/n_new/13.19#执行部/n_new/12.74#白王/n_new/12.68#炼金/n_new/11.75#咒文/n_new/11.19#龙族亲王/n_new/10.59#3E考试/n_new/10.51#风纪委员会/n_new/9.68#安全系统/n_new/9.46#狙击步枪/n_new/9.39#潜水服/n_new/8.88#青铜城/n_new/8.81#青铜墙壁/n_new/8.73#叔叔婶婶/n_new/8.58#
富山雅史/n_new/28.45#白王血裔/n_new/19.83#秘仪咒文/n_new/19.19#风纪委员会主席/n_new/15.30#龙族/n_new/14.48#龙类/n_new/13.79#龙族血裔/n_new/13.78#龙族血统/n_new/13.19#执行部/n_new/12.74#白王/n_new/12.68#炼金/n_new/11.75#咒文/n_new/11.19#龙族亲王/n_new/10.59#3E考试/n_new/10.51#风纪委员会/n_new/9.68#安全系统/n_new/9.46#狙击步枪/n_new/9.39#潜水服/n_new/8.88#青铜城/n_new/8.81#青铜墙壁/n_new/8.73#叔叔婶婶/n_new/8.58#
富山雅史/n_new/28.45#白王血裔/n_new/19.83#秘仪咒文/n_new/19.19#风纪委员会主席/n_new/15.30#龙族/n_new/14.48#龙类/n_new/13.79#龙族血裔/n_new/13.78#龙族血统/n_new/13.19#执行部/n_new/12.74#白王/n_new/12.68#炼金/n_new/11.75#咒文/n_new/11.19#龙族亲王/n_new/10.59#3E考试/n_new/10.51#风纪委员会/n_new/9.68#安全系统/n_new/9.46#狙击步枪/n_new/9.39#潜水服/n_new/8.88#青铜城/n_new/8.81#青铜墙壁/n_new/8.73#叔叔婶婶/n_new/8.58#
富山雅史/n_new/28.45#白王血裔/n_new/19.83#秘仪咒文/n_new/19.19#风纪委员会主席/n_new/15.30#龙族/n_new/14.48#龙类/n_new/13.79#龙族血裔/n_new/13.78#龙族血统/n_new/13.19#执行部/n_new/12.74#白王/n_new/12.68#炼金/n_new/11.75#咒文/n_new/11.19#龙族亲王/n_new/10.59#3E考试/n_new/10.51#风纪委员会/n_new/9.68#安全系统/n_new/9.46#狙击步枪/n_new/9.39#潜水服/n_new/8.88#青铜城/n_new/8.81#青铜墙壁/n_new/8.73#叔叔婶婶/n_new/8.58#洗脑/n_new/8.50#救生索/n_new/8.47#王血裔/n_new/8.42#青铜壁/n_new/8.33#四顾/n_new/8.32#讨论区/n_new/8.05#出国留学/n_new/7.83#一具/n_new/7.73#鹅腿/n_new/7.73#声纹/n_new/7.65#
富山雅史/n_new/28.45#白王血裔/n_new/19.83#秘仪咒文/n_new/19.19#风纪委员会主席/n_new/15.30#龙族/n_new/14.48#龙类/n_new/13.79#龙族血裔/n_new/13.78#龙族血统/n_new/13.19#执行部/n_new/12.74#白王/n_new/12.68#炼金/n_new/11.75#咒文/n_new/11.19#龙族亲王/n_new/10.59#3E考试/n_new/10.51#风纪委员会/n_new/9.68#安全系统/n_new/9.46#狙击步枪/n_new/9.39#潜水服/n_new/8.88#青铜城/n_new/8.81#青铜墙壁/n_new/8.73#叔叔婶婶/n_new/8.58#洗脑/n_new/8.50#救生索/n_new/8.47#王血裔/n_new/8.42#青铜壁/n_new/8.33#四顾/n_new/8.32#讨论区/n_new/8.05#出国留学/n_new/7.83#一具/n_new/7.73#鹅腿/n_new/7.73#声纹/n_new/7.65#
富山雅史/n_new/28.45#白王血裔/n_new/19.83#秘仪咒文/n_new/19.19#风纪委员会主席/n_new/15.30#龙族/n_new/14.48#龙类/n_new/13.79#龙族血裔/n_new/13.78#龙族血统/n_new/13.19#执行部/n_new/12.74#白王/n_new/12.68#炼金/n_new/11.75#咒文/n_new/11.19#龙族亲王/n_new/10.59#3E考试/n_new/10.51#风纪委员会/n_new/9.68#安全系统/n_new/9.46#狙击步枪/n_new/9.39#潜水服/n_new/8.88#青铜城/n_new/8.81#青铜墙壁/n_new/8.73#叔叔婶婶/n_new/8.58#洗脑/n_new/8.50#救生索/n_new/8.47#王血裔/n_new/8.42#青铜壁/n_new/8.33#四顾/n_new/8.32#讨论区/n_new/8.05#出国留学/n_new/7.83#一具/n_new/7.73#鹅腿/n_new/7.73#声纹/n_new/7.65#
富山雅史/n_new/28.45#白王血裔/n_new/19.83#秘仪咒文/n_new/19.19#风纪委员会主席/n_new/15.30#龙族/n_new/14.48#龙类/n_new/13.79#龙族血裔/n_new/13.78#龙族血统/n_new/13.19#执行部/n_new/12.74#白王/n_new/12.68#炼金/n_new/11.75#咒文/n_new/11.19#龙族亲王/n_new/10.59#3E考试/n_new/10.51#风纪委员会/n_new/9.68#安全系统/n_new/9.46#狙击步枪/n_new/9.39#潜水服/n_new/8.88#青铜城/n_new/8.81#青铜墙壁/n_new/8.73#叔叔婶婶/n_new/8.58#洗脑/n_new/8.50#救生索/n_new/8.47#王血裔/n_new/8.42#青铜壁/n_new/8.33#四顾/n_new/8.32#讨论区/n_new/8.05#出国留学/n_new/7.83#一具/n_new/7.73#鹅腿/n_new/7.73#声纹/n_new/7.65#
富山雅史/n_new/28.45#白王血裔/n_new/19.83#秘仪咒文/n_new/19.19#风纪委员会主席/n_new/15.30#龙族/n_new/14.48#龙类/n_new/13.79#龙族血裔/n_new/13.78#龙族血统/n_new/13.19#执行部/n_new/12.74#白王/n_new/12.68#炼金/n_new/11.75#咒文/n_new/11.19#龙族亲王/n_new/10.59#3E考试/n_new/10.51#风纪委员会/n_new/9.68#安全系统/n_new/9.46#狙击步枪/n_new/9.39#潜水服/n_new/8.88#青铜城/n_new/8.81#青铜墙壁/n_new/8.73#叔叔婶婶/n_new/8.58#洗脑/n_new/8.50#救生索/n_new/8.47#王血裔/n_new/8.42#青铜壁/n_new/8.33#四顾/n_new/8.32#讨论区/n_new/8.05#出国留学/n_new/7.83#一具/n_new/7.73#鹅腿/n_new/7.73#声纹/n_new/7.65#
富山雅史/n_new/28.45#白王血裔/n_new/19.83#秘仪咒文/n_new/19.19#风纪委员会主席/n_new/15.30#龙族/n_new/14.48#龙类/n_new/13.79#龙族血裔/n_new/13.78#龙族血统/n_new/13.19#执行部/n_new/12.74#白王/n_new/12.68#炼金/n_new/11.75#咒文/n_new/11.19#龙族亲王/n_new/10.59#3E考试/n_new/10.51#风纪委员会/n_new/9.68#安全系统/n_new/9.46#狙击步枪/n_new/9.39#潜水服/n_new/8.88#青铜城/n_new/8.81#青铜墙壁/n_new/8.73#叔叔婶婶/n_new/8.58#洗脑/n_new/8.50#救生索/n_new/8.47#王血裔/n_new/8.42#青铜壁/n_new/8.33#四顾/n_new/8.32#讨论区/n_new/8.05#出国留学/n_new/7.83#一具/n_new/7.73#鹅腿/n_new/7.73#声纹/n_new/7.65#
富山雅史/n_new/28.45#白王血裔/n_new/19.83#秘仪咒文/n_new/19.19#风纪委员会主席/n_new/15.30#龙族/n_new/14.48#龙类/n_new/13.79#龙族血裔/n_new/13.78#龙族血统/n_new/13.19#执行部/n_new/12.74#白王/n_new/12.68#炼金/n_new/11.75#咒文/n_new/11.19#龙族亲王/n_new/10.59#3E考试/n_new/10.51#风纪委员会/n_new/9.68#安全系统/n_new/9.46#狙击步枪/n_new/9.39#潜水服/n_new/8.88#青铜城/n_new/8.81#青铜墙壁/n_new/8.73#叔叔婶婶/n_new/8.58#洗脑/n_new/8.50#救生索/n_new/8.47#王血裔/n_new/8.42#青铜壁/n_new/8.33#四顾/n_new/8.32#讨论区/n_new/8.05#出国留学/n_new/7.83#一具/n_new/7.73#鹅腿/n_new/7.73#声纹/n_new/7.65#
富山雅史/n_new/28.45#白王血裔/n_new/19.83#秘仪咒文/n_new/19.19#风纪委员会主席/n_new/15.30#龙族/n_new/14.48#龙类/n_new/13.79#龙族血裔/n_new/13.78#龙族血统/n_new/13.19#执行部/n_new/12.74#白王/n_new/12.68#炼金/n_new/11.75#咒文/n_new/11.19#龙族亲王/n_new/10.59#3E考试/n_new/10.51#风纪委员会/n_new/9.68#安全系统/n_new/9.46#狙击步枪/n_new/9.39#潜水服/n_new/8.88#青铜城/n_new/8.81#青铜墙壁/n_new/8.73#叔叔婶婶/n_new/8.58#洗脑/n_new/8.50#救生索/n_new/8.47#王血裔/n_new/8.42#青铜壁/n_new/8.33#四顾/n_new/8.32#讨论区/n_new/8.05#出国留学/n_new/7.83#一具/n_new/7.73#鹅腿/n_new/7.73#声纹/n_new/7.65#
富山雅史/n_new/28.45#白王血裔/n_new/19.83#秘仪咒文/n_new/19.19#风纪委员会主席/n_new/15.30#龙族/n_new/14.48#龙类/n_new/13.79#龙族血裔/n_new/13.78#龙族血统/n_new/13.19#执行部/n_new/12.74#白王/n_new/12.68#炼金/n_new/11.75#咒文/n_new/11.19#龙族亲王/n_new/10.59#3E考试/n_new/10.51#风纪委员会/n_new/9.68#安全系统/n_new/9.46#狙击步枪/n_new/9.39#潜水服/n_new/8.88#青铜城/n_new/8.81#青铜墙壁/n_new/8.73#叔叔婶婶/n_new/8.58#洗脑/n_new/8.50#救生索/n_new/8.47#王血裔/n_new/8.42#青铜壁/n_new/8.33#四顾/n_new/8.32#讨论区/n_new/8.05#出国留学/n_new/7.83#一具/n_new/7.73#鹅腿/n_new/7.73#声纹/n_new/7.65#
富山雅史/n_new/28.45#白王血裔/n_new/19.83#秘仪咒文/n_new/19.19#风纪委员会主席/n_new/15.30#龙族/n_new/14.48#龙类/n_new/13.79#龙族血裔/n_new/13.78#龙族血统/n_new/13.19#执行部/n_new/12.74#白王/n_new/12.68#炼金/n_new/11.75#咒文/n_new/11.19#龙族亲王/n_new/10.59#3E考试/n_new/10.51#风纪委员会/n_new/9.68#安全系统/n_new/9.46#狙击步枪/n_new/9.39#潜水服/n_new/8.88#青铜城/n_new/8.81#青铜墙壁/n_new/8.73#叔叔婶婶/n_new/8.58#洗脑/n_new/8.50#救生索/n_new/8.47#王血裔/n_new/8.42#青铜壁/n_new/8.33#四顾/n_new/8.32#讨论区/n_new/8.05#出国留学/n_new/7.83#一具/n_new/7.73#鹅腿/n_new/7.73#声纹/n_new/7.65#
富山雅史/n_new/28.45#白王血裔/n_new/19.83#秘仪咒文/n_new/19.19#风纪委员会主席/n_new/15.30#龙族/n_new/14.48#龙类/n_new/13.79#龙族血裔/n_new/13.78#龙族血统/n_new/13.19#执行部/n_new/12.74#白王/n_new/12.68#炼金/n_new/11.75#咒文/n_new/11.19#龙族亲王/n_new/10.59#3E考试/n_new/10.51#风纪委员会/n_new/9.68#安全系统/n_new/9.46#狙击步枪/n_new/9.39#潜水服/n_new/8.88#青铜城/n_new/8.81#青铜墙壁/n_new/8.73#叔叔婶婶/n_new/8.58#洗脑/n_new/8.50#救生索/n_new/8.47#王血裔/n_new/8.42#青铜壁/n_new/8.33#四顾/n_new/8.32#讨论区/n_new/8.05#出国留学/n_new/7.83#一具/n_new/7.73#鹅腿/n_new/7.73#声纹/n_new/7.65#
富山雅史/n_new/28.45#白王血裔/n_new/19.83#秘仪咒文/n_new/19.19#风纪委员会主席/n_new/15.30#龙族/n_new/14.48#龙类/n_new/13.79#龙族血裔/n_new/13.78#龙族血统/n_new/13.19#执行部/n_new/12.74#白王/n_new/12.68#炼金/n_new/11.75#咒文/n_new/11.19#龙族亲王/n_new/10.59#3E考试/n_new/10.51#风纪委员会/n_new/9.68#安全系统/n_new/9.46#狙击步枪/n_new/9.39#潜水服/n_new/8.88#青铜城/n_new/8.81#青铜墙壁/n_new/8.73#叔叔婶婶/n_new/8.58#洗脑/n_new/8.50#救生索/n_new/8.47#王血裔/n_new/8.42#青铜壁/n_new/8.33#四顾/n_new/8.32#讨论区/n_new/8.05#出国留学/n_new/7.83#一具/n_new/7.73#鹅腿/n_new/7.73#声纹/n_new/7.65#
富山雅史/n_new/28.45#白王血裔/n_new/19.83#秘仪咒文/n_new/19.19#风纪委员会主席/n_new/15.30#龙族/n_new/14.48#龙类/n_new/13.79#龙族血裔/n_new/13.78#龙族血统/n_new/13.19#执行部/n_new/12.74#白王/n_new/12.68#炼金/n_new/11.75#咒文/n_new/11.19#龙族亲王/n_new/10.59#3E考试/n_new/10.51#风纪委员会/n_new/9.68#安全系统/n_new/9.46#狙击步枪/n_new/9.39#潜水服/n_new/8.88#青铜城/n_new/8.81#青铜墙壁/n_new/8.73#叔叔婶婶/n_new/8.58#洗脑/n_new/8.50#救生索/n_new/8.47#王血裔/n_new/8.42#青铜壁/n_new/8.33#四顾/n_new/8.32#讨论区/n_new/8.05#出国留学/n_new/7.83#一具/n_new/7.73#鹅腿/n_new/7.73#声纹/n_new/7.65#
富山雅史/n_new/28.45#白王血裔/n_new/19.83#秘仪咒文/n_new/19.19#风纪委员会主席/n_new/15.30#龙族/n_new/14.48#龙类/n_new/13.79#龙族血裔/n_new/13.78#龙族血统/n_new/13.19#执行部/n_new/12.74#白王/n_new/12.68#炼金/n_new/11.75#咒文/n_new/11.19#龙族亲王/n_new/10.59#3E考试/n_new/10.51#风纪委员会/n_new/9.68#安全系统/n_new/9.46#狙击步枪/n_new/9.39#潜水服/n_new/8.88#青铜城/n_new/8.81#青铜墙壁/n_new/8.73#叔叔婶婶/n_new/8.58#洗脑/n_new/8.50#救生索/n_new/8.47#王血裔/n_new/8.42#青铜壁/n_new/8.33#四顾/n_new/8.32#讨论区/n_new/8.05#出国留学/n_new/7.83#一具/n_new/7.73#鹅腿/n_new/7.73#声纹/n_new/7.65#
富山雅史/n_new/28.45#白王血裔/n_new/19.83#秘仪咒文/n_new/19.19#风纪委员会主席/n_new/15.30#龙族/n_new/14.48#龙类/n_new/13.79#龙族血裔/n_new/13.78#龙族血统/n_new/13.19#执行部/n_new/12.74#白王/n_new/12.68#炼金/n_new/11.75#咒文/n_new/11.19#龙族亲王/n_new/10.59#3E考试/n_new/10.51#风纪委员会/n_new/9.68#安全系统/n_new/9.46#狙击步枪/n_new/9.39#潜水服/n_new/8.88#青铜城/n_new/8.81#青铜墙壁/n_new/8.73#叔叔婶婶/n_new/8.58#洗脑/n_new/8.50#救生索/n_new/8.47#王血裔/n_new/8.42#青铜壁/n_new/8.33#四顾/n_new/8.32#讨论区/n_new/8.05#出国留学/n_new/7.83#一具/n_new/7.73#鹅腿/n_new/7.73#声纹/n_new/7.65#
富山雅史/n_new/28.45#白王血裔/n_new/19.83#秘仪咒文/n_new/19.19#风纪委员会主席/n_new/15.30#龙族/n_new/14.48#龙类/n_new/13.79#龙族血裔/n_new/13.78#龙族血统/n_new/13.19#执行部/n_new/12.74#白王/n_new/12.68#炼金/n_new/11.75#咒文/n_new/11.19#龙族亲王/n_new/10.59#3E考试/n_new/10.51#风纪委员会/n_new/9.68#安全系统/n_new/9.46#狙击步枪/n_new/9.39#潜水服/n_new/8.88#青铜城/n_new/8.81#青铜墙壁/n_new/8.73#叔叔婶婶/n_new/8.58#洗脑/n_new/8.50#救生索/n_new/8.47#王血裔/n_new/8.42#青铜壁/n_new/8.33#四顾/n_new/8.32#讨论区/n_new/8.05#出国留学/n_new/7.83#一具/n_new/7.73#鹅腿/n_new/7.73#声纹/n_new/7.65#
富山雅史/n_new/28.45#白王血裔/n_new/19.83#秘仪咒文/n_new/19.19#风纪委员会主席/n_new/15.30#龙族/n_new/14.48#龙类/n_new/13.79#龙族血裔/n_new/13.78#龙族血统/n_new/13.19#执行部/n_new/12.74#白王/n_new/12.68#炼金/n_new/11.75#咒文/n_new/11.19#龙族亲王/n_new/10.59#3E考试/n_new/10.51#风纪委员会/n_new/9.68#安全系统/n_new/9.46#狙击步枪/n_new/9.39#潜水服/n_new/8.88#青铜城/n_new/8.81#青铜墙壁/n_new/8.73#叔叔婶婶/n_new/8.58#洗脑/n_new/8.50#救生索/n_new/8.47#王血裔/n_new/8.42#青铜壁/n_new/8.33#四顾/n_new/8.32#讨论区/n_new/8.05#出国留学/n_new/7.83#一具/n_new/7.73#鹅腿/n_new/7.73#声纹/n_new/7.65#
富山雅史/n_new/28.45#白王血裔/n_new/19.83#秘仪咒文/n_new/19.19#风纪委员会主席/n_new/15.30#龙族/n_new/14.48#龙类/n_new/13.79#龙族血裔/n_new/13.78#龙族血统/n_new/13.19#执行部/n_new/12.74#白王/n_new/12.68#炼金/n_new/11.75#咒文/n_new/11.19#龙族亲王/n_new/10.59#3E考试/n_new/10.51#风纪委员会/n_new/9.68#安全系统/n_new/9.46#狙击步枪/n_new/9.39#潜水服/n_new/8.88#青铜城/n_new/8.81#青铜墙壁/n_new/8.73#叔叔婶婶/n_new/8.58#洗脑/n_new/8.50#救生索/n_new/8.47#王血裔/n_new/8.42#青铜壁/n_new/8.33#四顾/n_new/8.32#讨论区/n_new/8.05#出国留学/n_new/7.83#一具/n_new/7.73#鹅腿/n_new/7.73#声纹/n_new/7.65#
富山雅史/n_new/28.45#白王血裔/n_new/19.83#秘仪咒文/n_new/19.19#风纪委员会主席/n_new/15.30#龙族/n_new/14.48#龙类/n_new/13.79#龙族血裔/n_new/13.78#龙族血统/n_new/13.19#执行部/n_new/12.74#白王/n_new/12.68#炼金/n_new/11.75#咒文/n_new/11.19#龙族亲王/n_new/10.59#3E考试/n_new/10.51#风纪委员会/n_new/9.68#安全系统/n_new/9.46#狙击步枪/n_new/9.39#潜水服/n_new/8.88#青铜城/n_new/8.81#青铜墙壁/n_new/8.73#叔叔婶婶/n_new/8.58#洗脑/n_new/8.50#救生索/n_new/8.47#王血裔/n_new/8.42#青铜壁/n_new/8.33#四顾/n_new/8.32#讨论区/n_new/8.05#出国留学/n_new/7.83#一具/n_new/7.73#鹅腿/n_new/7.73#声纹/n_new/7.65#
富山雅史/n_new/28.45#白王血裔/n_new/19.83#秘仪咒文/n_new/19.19#风纪委员会主席/n_new/15.30#龙族/n_new/14.48#龙类/n_new/13.79#龙族血裔/n_new/13.78#龙族血统/n_new/13.19#执行部/n_new/12.74#白王/n_new/12.68#炼金/n_new/11.75#咒文/n_new/11.19#龙族亲王/n_new/10.59#3E考试/n_new/10.51#风纪委员会/n_new/9.68#安全系统/n_new/9.46#狙击步枪/n_new/9.39#潜水服/n_new/8.88#青铜城/n_new/8.81#青铜墙壁/n_new/8.73#叔叔婶婶/n_new/8.58#洗脑/n_new/8.50#救生索/n_new/8.47#王血裔/n_new/8.42#青铜壁/n_new/8.33#四顾/n_new/8.32#讨论区/n_new/8.05#出国留学/n_new/7.83#一具/n_new/7.73#鹅腿/n_new/7.73#声纹/n_new/7.65#
富山雅史/n_new/28.45#白王血裔/n_new/19.83#秘仪咒文/n_new/19.19#风纪委员会主席/n_new/15.30#龙族/n_new/14.48#龙类/n_new/13.79#龙族血裔/n_new/13.78#龙族血统/n_new/13.19#执行部/n_new/12.74#白王/n_new/12.68#炼金/n_new/11.75#咒文/n_new/11.19#龙族亲王/n_new/10.59#3E考试/n_new/10.51#风纪委员会/n_new/9.68#安全系统/n_new/9.46#狙击步枪/n_new/9.39#潜水服/n_new/8.88#青铜城/n_new/8.81#青铜墙壁/n_new/8.73#叔叔婶婶/n_new/8.58#洗脑/n_new/8.50#救生索/n_new/8.47#王血裔/n_new/8.42#青铜壁/n_new/8.33#四顾/n_new/8.32#讨论区/n_new/8.05#出国留学/n_new/7.83#一具/n_new/7.73#鹅腿/n_new/7.73#声纹/n_new/7.65#
富山雅史/n_new/28.45#白王血裔/n_new/19.83#秘仪咒文/n_new/19.19#风纪委员会主席/n_new/15.30#龙族/n_new/14.48#龙类/n_new/13.79#龙族血裔/n_new/13.78#龙族血统/n_new/13.19#执行部/n_new/12.74#白王/n_new/12.68#炼金/n_new/11.75#咒文/n_new/11.19#龙族亲王/n_new/10.59#3E考试/n_new/10.51#风纪委员会/n_new/9.68#安全系统/n_new/9.46#狙击步枪/n_new/9.39#潜水服/n_new/8.88#青铜城/n_new/8.81#青铜墙壁/n_new/8.73#叔叔婶婶/n_new/8.58#洗脑/n_new/8.50#救生索/n_new/8.47#王血裔/n_new/8.42#青铜壁/n_new/8.33#四顾/n_new/8.32#讨论区/n_new/8.05#出国留学/n_new/7.83#一具/n_new/7.73#鹅腿/n_new/7.73#声纹/n_new/7.65#
富山雅史/n_new/28.45#白王血裔/n_new/19.83#秘仪咒文/n_new/19.19#风纪委员会主席/n_new/15.30#龙族/n_new/14.48#龙类/n_new/13.79#龙族血裔/n_new/13.78#龙族血统/n_new/13.19#执行部/n_new/12.74#白王/n_new/12.68#炼金/n_new/11.75#咒文/n_new/11.19#龙族亲王/n_new/10.59#3E考试/n_new/10.51#风纪委员会/n_new/9.68#安全系统/n_new/9.46#狙击步枪/n_new/9.39#潜水服/n_new/8.88#青铜城/n_new/8.81#青铜墙壁/n_new/8.73#叔叔婶婶/n_new/8.58#洗脑/n_new/8.50#救生索/n_new/8.47#王血裔/n_new/8.42#青铜壁/n_new/8.33#四顾/n_new/8.32#讨论区/n_new/8.05#出国留学/n_new/7.83#一具/n_new/7.73#鹅腿/n_new/7.73#声纹/n_new/7.65#
富山雅史/n_new/28.45#白王血裔/n_new/19.83#秘仪咒文/n_new/19.19#风纪委员会主席/n_new/15.30#龙族/n_new/14.48#龙类/n_new/13.79#龙族血裔/n_new/13.78#龙族血统/n_new/13.19#执行部/n_new/12.74#白王/n_new/12.68#炼金/n_new/11.75#咒文/n_new/11.19#龙族亲王/n_new/10.59#3E考试/n_new/10.51#风纪委员会/n_new/9.68#安全系统/n_new/9.46#狙击步枪/n_new/9.39#潜水服/n_new/8.88#青铜城/n_new/8.81#青铜墙壁/n_new/8.73#叔叔婶婶/n_new/8.58#洗脑/n_new/8.50#救生索/n_new/8.47#王血裔/n_new/8.42#青铜壁/n_new/8.33#四顾/n_new/8.32#讨论区/n_new/8.05#出国留学/n_new/7.83#一具/n_new/7.73#鹅腿/n_new/7.73#声纹/n_new/7.65#
富山雅史/n_new/28.45#白王血裔/n_new/19.83#秘仪咒文/n_new/19.19#风纪委员会主席/n_new/15.30#龙族/n_new/14.48#龙类/n_new/13.79#龙族血裔/n_new/13.78#龙族血统/n_new/13.19#执行部/n_new/12.74#白王/n_new/12.68#炼金/n_new/11.75#咒文/n_new/11.19#龙族亲王/n_new/10.59#3E考试/n_new/10.51#风纪委员会/n_new/9.68#安全系统/n_new/9.46#狙击步枪/n_new/9.39#潜水服/n_new/8.88#青铜城/n_new/8.81#青铜墙壁/n_new/8.73#叔叔婶婶/n_new/8.58#洗脑/n_new/8.50#救生索/n_new/8.47#王血裔/n_new/8.42#青铜壁/n_new/8.33#四顾/n_new/8.32#讨论区/n_new/8.05#出国留学/n_new/7.83#一具/n_new/7.73#鹅腿/n_new/7.73#声纹/n_new/7.65#
富山雅史/n_new/28.45#白王血裔/n_new/19.83#秘仪咒文/n_new/19.19#风纪委员会主席/n_new/15.30#龙族/n_new/14.48#龙类/n_new/13.79#龙族血裔/n_new/13.78#龙族血统/n_new/13.19#执行部/n_new/12.74#白王/n_new/12.68#炼金/n_new/11.75#咒文/n_new/11.19#龙族亲王/n_new/10.59#3E考试/n_new/10.51#风纪委员会/n_new/9.68#安全系统/n_new/9.46#狙击步枪/n_new/9.39#潜水服/n_new/8.88#青铜城/n_new/8.81#青铜墙壁/n_new/8.73#叔叔婶婶/n_new/8.58#洗脑/n_new/8.50#救生索/n_new/8.47#王血裔/n_new/8.42#青铜壁/n_new/8.33#四顾/n_new/8.32#讨论区/n_new/8.05#出国留学/n_new/7.83#一具/n_new/7.73#鹅腿/n_new/7.73#声纹/n_new/7.65#
富山雅史/n_new/28.45#白王血裔/n_new/19.83#秘仪咒文/n_new/19.19#风纪委员会主席/n_new/15.30#龙族/n_new/14.48#龙类/n_new/13.79#龙族血裔/n_new/13.78#龙族血统/n_new/13.19#执行部/n_new/12.74#白王/n_new/12.68#炼金/n_new/11.75#咒文/n_new/11.19#龙族亲王/n_new/10.59#3E考试/n_new/10.51#风纪委员会/n_new/9.68#安全系统/n_new/9.46#狙击步枪/n_new/9.39#潜水服/n_new/8.88#青铜城/n_new/8.81#青铜墙壁/n_new/8.73#叔叔婶婶/n_new/8.58#洗脑/n_new/8.50#救生索/n_new/8.47#王血裔/n_new/8.42#青铜壁/n_new/8.33#四顾/n_new/8.32#讨论区/n_new/8.05#出国留学/n_new/7.83#一具/n_new/7.73#鹅腿/n_new/7.73#声纹/n_new/7.65#
富山雅史/n_new/28.45#白王血裔/n_new/19.83#秘仪咒文/n_new/19.19#风纪委员会主席/n_new/15.30#龙族/n_new/14.48#龙类/n_new/13.79#龙族血裔/n_new/13.78#龙族血统/n_new/13.19#执行部/n_new/12.74#白王/n_new/12.68#炼金/n_new/11.75#咒文/n_new/11.19#龙族亲王/n_new/10.59#3E考试/n_new/10.51#风纪委员会/n_new/9.68#安全系统/n_new/9.46#狙击步枪/n_new/9.39#潜水服/n_new/8.88#青铜城/n_new/8.81#青铜墙壁/n_new/8.73#叔叔婶婶/n_new/8.58#洗脑/n_new/8.50#救生索/n_new/8.47#王血裔/n_new/8.42#青铜壁/n_new/8.33#四顾/n_new/8.32#讨论区/n_new/8.05#出国留学/n_new/7.83#一具/n_new/7.73#鹅腿/n_new/7.73#声纹/n_new/7.65#
富山雅史/n_new/28.45#白王血裔/n_new/19.83#秘仪咒文/n_new/19.19#风纪委员会主席/n_new/15.30#龙族/n_new/14.48#龙类/n_new/13.79#龙族血裔/n_new/13.78#龙族血统/n_new/13.19#执行部/n_new/12.74#白王/n_new/12.68#炼金/n_new/11.75#咒文/n_new/11.19#龙族亲王/n_new/10.59#3E考试/n_new/10.51#风纪委员会/n_new/9.68#安全系统/n_new/9.46#狙击步枪/n_new/9.39#潜水服/n_new/8.88#青铜城/n_new/8.81#青铜墙壁/n_new/8.73#叔叔婶婶/n_new/8.58#洗脑/n_new/8.50#救生索/n_new/8.47#王血裔/n_new/8.42#青铜壁/n_new/8.33#四顾/n_new/8.32#讨论区/n_new/8.05#出国留学/n_new/7.83#一具/n_new/7.73#鹅腿/n_new/7.73#声纹/n_new/7.65#
富山雅史/n_new/28.45#白王血裔/n_new/19.83#秘仪咒文/n_new/19.19#风纪委员会主席/n_new/15.30#龙族/n_new/14.48#龙类/n_new/13.79#龙族血裔/n_new/13.78#龙族血统/n_new/13.19#执行部/n_new/12.74#白王/n_new/12.68#炼金/n_new/11.75#咒文/n_new/11.19#龙族亲王/n_new/10.59#3E考试/n_new/10.51#风纪委员会/n_new/9.68#安全系统/n_new/9.46#狙击步枪/n_new/9.39#潜水服/n_new/8.88#青铜城/n_new/8.81#青铜墙壁/n_new/8.73#叔叔婶婶/n_new/8.58#洗脑/n_new/8.50#救生索/n_new/8.47#王血裔/n_new/8.42#青铜壁/n_new/8.33#四顾/n_new/8.32#讨论区/n_new/8.05#出国留学/n_new/7.83#一具/n_new/7.73#鹅腿/n_new/7.73#声纹/n_new/7.65#
富山雅史/n_new/28.45#白王血裔/n_new/19.83#秘仪咒文/n_new/19.19#风纪委员会主席/n_new/15.30#龙族/n_new/14.48#龙类/n_new/13.79#龙族血裔/n_new/13.78#龙族血统/n_new/13.19#执行部/n_new/12.74#白王/n_new/12.68#炼金/n_new/11.75#咒文/n_new/11.19#龙族亲王/n_new/10.59#3E考试/n_new/10.51#风纪委员会/n_new/9.68#安全系统/n_new/9.46#狙击步枪/n_new/9.39#潜水服/n_new/8.88#青铜城/n_new/8.81#青铜墙壁/n_new/8.73#叔叔婶婶/n_new/8.58#洗脑/n_new/8.50#救生索/n_new/8.47#王血裔/n_new/8.42#青铜壁/n_new/8.33#四顾/n_new/8.32#讨论区/n_new/8.05#出国留学/n_new/7.83#一具/n_new/7.73#鹅腿/n_new/7.73#声纹/n_new/7.65#
富山雅史/n_new/28.45#白王血裔/n_new/19.83#秘仪咒文/n_new/19.19#风纪委员会主席/n_new/15.30#龙族/n_new/14.48#龙类/n_new/13.79#龙族血裔/n_new/13.78#龙族血统/n_new/13.19#执行部/n_new/12.74#白王/n_new/12.68#炼金/n_new/11.75#咒文/n_new/11.19#龙族亲王/n_new/10.59#3E考试/n_new/10.51#风纪委员会/n_new/9.68#安全系统/n_new/9.46#狙击步枪/n_new/9.39#潜水服/n_new/8.88#青铜城/n_new/8.81#青铜墙壁/n_new/8.73#叔叔婶婶/n_new/8.58#洗脑/n_new/8.50#救生索/n_new/8.47#王血裔/n_new/8.42#青铜壁/n_new/8.33#四顾/n_new/8.32#讨论区/n_new/8.05#出国留学/n_new/7.83#一具/n_new/7.73#鹅腿/n_new/7.73#声纹/n_new/7.65#
富山雅史/n_new/28.45#白王血裔/n_new/19.83#秘仪咒文/n_new/19.19#风纪委员会主席/n_new/15.30#龙族/n_new/14.48#龙类/n_new/13.79#龙族血裔/n_new/13.78#龙族血统/n_new/13.19#执行部/n_new/12.74#白王/n_new/12.68#炼金/n_new/11.75#咒文/n_new/11.19#龙族亲王/n_new/10.59#3E考试/n_new/10.51#风纪委员会/n_new/9.68#安全系统/n_new/9.46#狙击步枪/n_new/9.39#潜水服/n_new/8.88#青铜城/n_new/8.81#青铜墙壁/n_new/8.73#叔叔婶婶/n_new/8.58#洗脑/n_new/8.50#救生索/n_new/8.47#王血裔/n_new/8.42#青铜壁/n_new/8.33#四顾/n_new/8.32#讨论区/n_new/8.05#出国留学/n_new/7.83#一具/n_new/7.73#鹅腿/n_new/7.73#声纹/n_new/7.65#
富山雅史/n_new/28.45#白王血裔/n_new/19.83#秘仪咒文/n_new/19.19#风纪委员会主席/n_new/15.30#龙族/n_new/14.48#龙类/n_new/13.79#龙族血裔/n_new/13.78#龙族血统/n_new/13.19#执行部/n_new/12.74#白王/n_new/12.68#炼金/n_new/11.75#咒文/n_new/11.19#龙族亲王/n_new/10.59#3E考试/n_new/10.51#风纪委员会/n_new/9.68#安全系统/n_new/9.46#狙击步枪/n_new/9.39#潜水服/n_new/8.88#青铜城/n_new/8.81#青铜墙壁/n_new/8.73#叔叔婶婶/n_new/8.58#洗脑/n_new/8.50#救生索/n_new/8.47#王血裔/n_new/8.42#青铜壁/n_new/8.33#四顾/n_new/8.32#讨论区/n_new/8.05#出国留学/n_new/7.83#一具/n_new/7.73#鹅腿/n_new/7.73#声纹/n_new/7.65#
富山雅史/n_new/28.45#白王血裔/n_new/19.83#秘仪咒文/n_new/19.19#风纪委员会主席/n_new/15.30#龙族/n_new/14.48#龙类/n_new/13.79#龙族血裔/n_new/13.78#龙族血统/n_new/13.19#执行部/n_new/12.74#白王/n_new/12.68#炼金/n_new/11.75#咒文/n_new/11.19#龙族亲王/n_new/10.59#3E考试/n_new/10.51#风纪委员会/n_new/9.68#安全系统/n_new/9.46#狙击步枪/n_new/9.39#潜水服/n_new/8.88#青铜城/n_new/8.81#青铜墙壁/n_new/8.73#叔叔婶婶/n_new/8.58#洗脑/n_new/8.50#救生索/n_new/8.47#王血裔/n_new/8.42#青铜壁/n_new/8.33#四顾/n_new/8.32#讨论区/n_new/8.05#出国留学/n_new/7.83#一具/n_new/7.73#鹅腿/n_new/7.73#声纹/n_new/7.65#
富山雅史/n_new/28.45#白王血裔/n_new/19.83#秘仪咒文/n_new/19.19#风纪委员会主席/n_new/15.30#龙族/n_new/14.48#龙类/n_new/13.79#龙族血裔/n_new/13.78#龙族血统/n_new/13.19#执行部/n_new/12.74#白王/n_new/12.68#炼金/n_new/11.75#咒文/n_new/11.19#龙族亲王/n_new/10.59#3E考试/n_new/10.51#风纪委员会/n_new/9.68#安全系统/n_new/9.46#狙击步枪/n_new/9.39#潜水服/n_new/8.88#青铜城/n_new/8.81#青铜墙壁/n_new/8.73#叔叔婶婶/n_new/8.58#洗脑/n_new/8.50#救生索/n_new/8.47#王血裔/n_new/8.42#青铜壁/n_new/8.33#四顾/n_new/8.32#讨论区/n_new/8.05#出国留学/n_new/7.83#一具/n_new/7.73#鹅腿/n_new/7.73#声纹/n_new/7.65#
富山雅史/n_new/28.45#白王血裔/n_new/19.83#秘仪咒文/n_new/19.19#风纪委员会主席/n_new/15.30#龙族/n_new/14.48#龙类/n_new/13.79#龙族血裔/n_new/13.78#龙族血统/n_new/13.19#执行部/n_new/12.74#白王/n_new/12.68#炼金/n_new/11.75#咒文/n_new/11.19#龙族亲王/n_new/10.59#3E考试/n_new/10.51#风纪委员会/n_new/9.68#安全系统/n_new/9.46#狙击步枪/n_new/9.39#潜水服/n_new/8.88#青铜城/n_new/8.81#青铜墙壁/n_new/8.73#叔叔婶婶/n_new/8.58#洗脑/n_new/8.50#救生索/n_new/8.47#王血裔/n_new/8.42#青铜壁/n_new/8.33#四顾/n_new/8.32#讨论区/n_new/8.05#出国留学/n_new/7.83#一具/n_new/7.73#鹅腿/n_new/7.73#声纹/n_new/7.65#
富山雅史/n_new/28.45#白王血裔/n_new/19.83#秘仪咒文/n_new/19.19#风纪委员会主席/n_new/15.30#龙族/n_new/14.48#龙类/n_new/13.79#龙族血裔/n_new/13.78#龙族血统/n_new/13.19#执行部/n_new/12.74#白王/n_new/12.68#炼金/n_new/11.75#咒文/n_new/11.19#龙族亲王/n_new/10.59#3E考试/n_new/10.51#风纪委员会/n_new/9.68#安全系统/n_new/9.46#狙击步枪/n_new/9.39#潜水服/n_new/8.88#青铜城/n_new/8.81#青铜墙壁/n_new/8.73#叔叔婶婶/n_new/8.58#洗脑/n_new/8.50#救生索/n_new/8.47#王血裔/n_new/8.42#青铜壁/n_new/8.33#四顾/n_new/8.32#讨论区/n_new/8.05#出国留学/n_new/7.83#一具/n_new/7.73#鹅腿/n_new/7.73#声纹/n_new/7.65#
富山雅史/n_new/28.45#白王血裔/n_new/19.83#秘仪咒文/n_new/19.19#风纪委员会主席/n_new/15.30#龙族/n_new/14.48#龙类/n_new/13.79#龙族血裔/n_new/13.78#龙族血统/n_new/13.19#执行部/n_new/12.74#白王/n_new/12.68#炼金/n_new/11.75#咒文/n_new/11.19#龙族亲王/n_new/10.59#3E考试/n_new/10.51#风纪委员会/n_new/9.68#安全系统/n_new/9.46#狙击步枪/n_new/9.39#潜水服/n_new/8.88#青铜城/n_new/8.81#青铜墙壁/n_new/8.73#叔叔婶婶/n_new/8.58#洗脑/n_new/8.50#救生索/n_new/8.47#王血裔/n_new/8.42#青铜壁/n_new/8.33#四顾/n_new/8.32#讨论区/n_new/8.05#出国留学/n_new/7.83#一具/n_new/7.73#鹅腿/n_new/7.73#声纹/n_new/7.65#
富山雅史/n_new/28.06#白王血裔/n_new/21.21#秘仪咒文/n_new/17.58#龙族血裔/n_new/16.92#风纪委员会主席/n_new/15.30#龙族/n_new/14.27#龙族血统/n_new/14.09#龙类/n_new/13.92#执行部/n_new/13.08#白王/n_new/12.92#炼金/n_new/11.37#3E考试/n_new/10.88#咒文/n_new/10.61#龙族亲王/n_new/10.59#格尔/n_new/10.09#风纪委员会/n_new/9.68#安全系统/n_new/9.45#狙击步枪/n_new/9.39#王血裔/n_new/8.89#潜水服/n_new/8.88#青铜城/n_new/8.81#青铜墙壁/n_new/8.73#青铜壁/n_new/8.54#洗脑/n_new/8.50#救生索/n_new/8.47#叔叔婶婶/n_new/8.16#讨论区/n_new/8.05#四顾/n_new/8.03#出国留学/n_new/7.83#一具/n_new/7.73#鹅腿/n_new/7.73#
富山雅史/n_new/28.06#白王血裔/n_new/21.21#秘仪咒文/n_new/17.58#龙族血裔/n_new/16.92#风纪委员会主席/n_new/15.30#龙族/n_new/14.27#龙族血统/n_new/14.09#龙类/n_new/13.92#执行部/n_new/13.08#白王/n_new/12.92#炼金/n_new/11.37#3E考试/n_new/10.88#咒文/n_new/10.61#龙族亲王/n_new/10.59#格尔/n_new/10.09#风纪委员会/n_new/9.68#安全系统/n_new/9.45#狙击步枪/n_new/9.39#王血裔/n_new/8.89#潜水服/n_new/8.88#青铜城/n_new/8.81#青铜墙壁/n_new/8.73#青铜壁/n_new/8.54#洗脑/n_new/8.50#救生索/n_new/8.47#叔叔婶婶/n_new/8.16#讨论区/n_new/8.05#四顾/n_new/8.03#出国留学/n_new/7.83#一具/n_new/7.73#鹅腿/n_new/7.73#
富山雅史/n_new/28.06#白王血裔/n_new/21.21#秘仪咒文/n_new/17.58#龙族血裔/n_new/16.92#风纪委员会主席/n_new/15.30#龙族/n_new/14.27#龙族血统/n_new/14.09#龙类/n_new/13.92#执行部/n_new/13.08#白王/n_new/12.92#炼金/n_new/11.37#3E考试/n_new/10.88#咒文/n_new/10.61#龙族亲王/n_new/10.59#格尔/n_new/10.09#风纪委员会/n_new/9.68#安全系统/n_new/9.45#狙击步枪/n_new/9.39#王血裔/n_new/8.89#潜水服/n_new/8.88#青铜城/n_new/8.81#青铜墙壁/n_new/8.73#青铜壁/n_new/8.54#洗脑/n_new/8.50#救生索/n_new/8.47#叔叔婶婶/n_new/8.16#讨论区/n_new/8.05#四顾/n_new/8.03#出国留学/n_new/7.83#一具/n_new/7.73#鹅腿/n_new/7.73#
富山雅史/n_new/28.06#白王血裔/n_new/21.21#秘仪咒文/n_new/17.58#龙族血裔/n_new/16.92#风纪委员会主席/n_new/15.30#龙族/n_new/14.27#龙族血统/n_new/14.09#龙类/n_new/13.92#执行部/n_new/13.08#白王/n_new/12.92#炼金/n_new/11.37#3E考试/n_new/10.88#咒文/n_new/10.61#龙族亲王/n_new/10.59#格尔/n_new/10.09#风纪委员会/n_new/9.68#安全系统/n_new/9.45#狙击步枪/n_new/9.39#王血裔/n_new/8.89#潜水服/n_new/8.88#青铜城/n_new/8.81#青铜墙壁/n_new/8.73#青铜壁/n_new/8.54#洗脑/n_new/8.50#救生索/n_new/8.47#叔叔婶婶/n_new/8.16#讨论区/n_new/8.05#四顾/n_new/8.03#出国留学/n_new/7.83#一具/n_new/7.73#鹅腿/n_new/7.73#
富山雅史/n_new/28.06#白王血裔/n_new/21.21#秘仪咒文/n_new/17.58#龙族血裔/n_new/16.92#风纪委员会主席/n_new/15.30#龙族/n_new/14.27#龙族血统/n_new/14.09#龙类/n_new/13.92#执行部/n_new/13.08#白王/n_new/12.92#炼金/n_new/11.37#3E考试/n_new/10.88#咒文/n_new/10.61#龙族亲王/n_new/10.59#格尔/n_new/10.09#风纪委员会/n_new/9.68#安全系统/n_new/9.45#狙击步枪/n_new/9.39#王血裔/n_new/8.89#潜水服/n_new/8.88#青铜城/n_new/8.81#青铜墙壁/n_new/8.73#青铜壁/n_new/8.54#洗脑/n_new/8.50#救生索/n_new/8.47#叔叔婶婶/n_new/8.16#讨论区/n_new/8.05#四顾/n_new/8.03#出国留学/n_new/7.83#一具/n_new/7.73#鹅腿/n_new/7.73#
